[19:49:44] [ServerMain/INFO]: [bootstrap] Running Java 21 (OpenJDK 64-Bit Server VM 21.0.4+7-LTS; Microsoft Microsoft-9889606) on Linux 6.5.0-1025-azure (amd64)
[19:49:44] [ServerMain/INFO]: [bootstrap] Loading Paper 1.21.3-51-master@f241260 (2024-11-23T19:28:57Z) for Minecraft 1.21.3
[19:49:45] [ServerMain/INFO]: [PluginInitializerManager] Initializing plugins...
[19:49:50] [ServerMain/INFO]: [PluginInitializerManager] Initialized 6 plugins
[19:49:50] [ServerMain/INFO]: [PluginInitializerManager] Bukkit plugins (6):
 - AuraSkills (2.2.6), Essentials (2.21.0-dev+130-a87760d), Geyser-Spigot (2.5.0-SNAPSHOT), TreeAssist (7.3.57), ViaVersion (5.1.1), floodgate (2.2.3-SNAPSHOT (b114-83fbd6e))
[19:49:54] [ServerMain/INFO]: Environment: Environment[sessionHost=https://sessionserver.mojang.com, servicesHost=https://api.minecraftservices.com, name=PROD]
[19:49:56] [ServerMain/INFO]: Loaded 1337 recipes
[19:49:56] [ServerMain/INFO]: Loaded 1448 advancements
[19:49:56] [Server thread/INFO]: Starting minecraft server version 1.21.3
[19:49:56] [Server thread/INFO]: Loading properties
[19:49:56] [Server thread/INFO]: This server is running Paper version 1.21.3-51-master@f241260 (2024-11-23T19:28:57Z) (Implementing API version 1.21.3-R0.1-SNAPSHOT)
[19:49:57] [Server thread/INFO]: [spark] This server bundles the spark profiler. For more information please visit https://docs.papermc.io/paper/profiling
[19:49:57] [Server thread/INFO]: Server Ping Player Sample Count: 12
[19:49:57] [Server thread/INFO]: Using 4 threads for Netty based IO
[19:49:58] [Server thread/INFO]: [MoonriseCommon] Paper is using 1 worker threads, 1 I/O threads
[19:49:58] [Server thread/INFO]: [ChunkTaskScheduler] Chunk system is using population gen parallelism: true
[19:49:59] [Server thread/INFO]: Default game type: SURVIVAL
[19:49:59] [Server thread/INFO]: Generating keypair
[19:49:59] [Server thread/INFO]: Starting Minecraft server on *:25565
[19:49:59] [Server thread/INFO]: Using epoll channel type
[19:49:59] [Server thread/INFO]: Paper: Using libdeflate (Linux x86_64) compression from Velocity.
[19:49:59] [Server thread/INFO]: Paper: Using OpenSSL 1.1.x (Linux x86_64) cipher from Velocity.
[19:50:01] [Server thread/INFO]: [floodgate] Loading server plugin floodgate v2.2.3-SNAPSHOT (b114-83fbd6e)
[19:50:02] [Server thread/WARN]: [floodgate] en_ is not a supported Floodgate language.
[19:50:02] [Server thread/INFO]: [floodgate] Took 1,604ms to boot Floodgate
[19:50:02] [Server thread/INFO]: [ViaVersion] Loading server plugin ViaVersion v5.1.1
[19:50:02] [Server thread/INFO]: [ViaVersion] ViaVersion 5.1.1 is now loaded. Registering protocol transformers and injecting...
[19:50:03] [Via-Mappingloader-0/INFO]: [ViaVersion] Loading block connection mappings ...
[19:50:03] [Via-Mappingloader-0/INFO]: [ViaVersion] Using FastUtil Long2ObjectOpenHashMap for block connections
[19:50:04] [Server thread/INFO]: [Essentials] Loading server plugin Essentials v2.21.0-dev+130-a87760d
[19:50:04] [Server thread/INFO]: [TreeAssist] Loading server plugin TreeAssist v7.3.57
[19:50:04] [Server thread/INFO]: [TreeAssist] Loading main config file: /config.yml
[19:50:04] [Server thread/INFO]: [Geyser-Spigot] Loading server plugin Geyser-Spigot v2.5.0-SNAPSHOT
[19:50:05] [Server thread/INFO]: [Geyser-Spigot] Loading extensions...
[19:50:05] [Server thread/INFO]: [Geyser-Spigot] Loaded 0 extension(s)
[19:50:05] [Server thread/INFO]: [AuraSkills] Loading server plugin AuraSkills v2.2.6
[19:50:05] [Server thread/INFO]: Server permissions file permissions.yml is empty, ignoring it
[19:50:05] [Server thread/WARN]: **** SERVER IS RUNNING IN OFFLINE/INSECURE MODE!
[19:50:05] [Server thread/WARN]: The server will make no attempt to authenticate usernames. Beware.
[19:50:05] [Server thread/WARN]: While this makes the game possible to play without internet access, it also opens up the ability for hackers to connect with any username they choose.
[19:50:05] [Server thread/WARN]: To change this, set "online-mode" to "true" in the server.properties file.
[19:50:05] [Server thread/INFO]: Preparing level "world"
[19:50:05] [Server thread/INFO]: Preparing start region for dimension minecraft:overworld
[19:50:06] [Server thread/INFO]: Preparing spawn area: 0%
[19:50:07] [Server thread/INFO]: Preparing spawn area: 0%
[19:50:07] [Server thread/INFO]: Preparing spawn area: 0%
[19:50:07] [Paper Common Worker #0/INFO]: [MCTypeRegistry] Initialising converters for DataConverter...
[19:50:07] [Paper Common Worker #0/INFO]: [MCTypeRegistry] Finished initialising converters for DataConverter in 523.6ms
[19:50:07] [Server thread/INFO]: Preparing spawn area: 2%
[19:50:07] [Server thread/INFO]: Preparing spawn area: 2%
[19:50:08] [Server thread/INFO]: Preparing spawn area: 38%
[19:50:08] [Server thread/INFO]: Time elapsed: 2698 ms
[19:50:08] [Server thread/INFO]: Preparing start region for dimension minecraft:the_nether
[19:50:08] [Server thread/INFO]: Preparing spawn area: 0%
[19:50:09] [Server thread/INFO]: Preparing spawn area: 51%
[19:50:09] [Server thread/INFO]: Time elapsed: 960 ms
[19:50:09] [Server thread/INFO]: Preparing start region for dimension minecraft:the_end
[19:50:09] [Server thread/INFO]: Preparing spawn area: 0%
[19:50:09] [Server thread/INFO]: Time elapsed: 341 ms
[19:50:09] [Server thread/INFO]: [floodgate] Enabling floodgate v2.2.3-SNAPSHOT (b114-83fbd6e)
[19:50:10] [Server thread/INFO]: [ViaVersion] Enabling ViaVersion v5.1.1
[19:50:10] [Server thread/INFO]: [ViaVersion] ViaVersion detected server version: 1.21.2-1.21.3 (768)
[19:50:10] [Server thread/WARN]: [ViaVersion] ViaVersion does not have any compatible versions for this server version!
[19:50:10] [Server thread/WARN]: [ViaVersion] Please remember that ViaVersion only adds support for versions newer than the server version.
[19:50:10] [Server thread/WARN]: [ViaVersion] If you need support for older versions you may need to use one or more ViaVersion addons too.
[19:50:10] [Server thread/WARN]: [ViaVersion] In that case please read the ViaVersion resource page carefully or use https://viaversion.com/setup
[19:50:10] [Server thread/WARN]: [ViaVersion] and if you're still unsure, feel free to join our Discord-Server for further assistance.
[19:50:10] [Server thread/INFO]: [Essentials] Enabling Essentials v2.21.0-dev+130-a87760d
[19:50:11] [Server thread/INFO]: [Essentials] Attempting to convert old kits in config.yml to new kits.yml
[19:50:11] [Server thread/INFO]: [Essentials] No kits found to migrate.
[19:50:12] [Server thread/INFO]: [Essentials] Loaded 42779 items from items.json.
[19:50:12] [Server thread/INFO]: [Essentials] Using locale en
[19:50:12] [Server thread/INFO]: [Essentials] ServerListPingEvent: Spigot iterator API
[19:50:12] [Server thread/INFO]: [Essentials] Starting Metrics. Opt-out using the global bStats config.
[19:50:12] [Server thread/INFO]: [Essentials] Using config file enhanced permissions.
[19:50:12] [Server thread/INFO]: [Essentials] Permissions listed in as player-commands will be given to all users.
[19:50:12] [Server thread/INFO]: [TreeAssist] Enabling TreeAssist v7.3.57
[19:50:12] [Server thread/INFO]: [TreeAssist] sending full Metrics! You can deactivate this in the config.yml
[19:50:12] [Server thread/INFO]: [TreeAssist] debugging: off
[19:50:12] [Thread-6/INFO]: [TreeAssist] Checking for updates...
[19:50:12] [Server thread/INFO]: [Geyser-Spigot] Enabling Geyser-Spigot v2.5.0-SNAPSHOT
[19:50:13] [Server thread/INFO]: [AuraSkills] Enabling AuraSkills v2.2.6
[19:50:14] [Server thread/INFO]: [AuraSkills] Loaded 21 message files
[19:50:14] [Server thread/INFO]: [AuraSkills] Loaded 150 config options in 18 ms
[19:50:14] [Server thread/INFO]: [NBTAPI] [NBTAPI] Found Minecraft: 1.21.3! Trying to find NMS support
[19:50:14] [Server thread/INFO]: [NBTAPI] [NBTAPI] NMS support 'MC1_21_R2' loaded!
[19:50:14] [Server thread/INFO]: [NBTAPI] [NBTAPI] Using the plugin 'AuraSkills' to create a bStats instance!
[19:50:14] [Server thread/INFO]: [AuraSkills] Loaded 3 blocked/disabled worlds
[19:50:14] [Server thread/INFO]: [AuraSkills] [ACF] Enabled Asynchronous Tab Completion Support!
[19:50:15] [Server thread/INFO]: [spark] Starting background profiler...
[19:50:15] [Server thread/INFO]: [Geyser-Spigot] ******************************************
[19:50:15] [Server thread/INFO]: [Geyser-Spigot] 
[19:50:15] [Server thread/INFO]: [Geyser-Spigot] Loading Geyser version 2.5.0-b716 (git-master-2ebce9c)
[19:50:15] [Server thread/INFO]: [Geyser-Spigot] 
[19:50:15] [Server thread/INFO]: [Geyser-Spigot] ******************************************
[19:50:20] [epollEventLoopGroup-3-1/INFO]: [Geyser-Spigot] Started Geyser on UDP port 1272
[19:50:20] [Server thread/INFO]: [Geyser-Spigot] Done (4.583s)! Run /geyser help for help!
[19:50:20] [Server thread/INFO]: Done preparing level "world" (15.325s)
[19:50:20] [Server thread/INFO]: Running delayed init tasks
[19:50:20] [Craft Scheduler Thread - 2 - ViaVersion/INFO]: [ViaVersion] Finished mapping loading, shutting down loader executor.
[19:50:20] [Craft Scheduler Thread - 1 - Essentials/INFO]: [Essentials] Fetching version information...
[19:50:21] [Server thread/INFO]: [AuraSkills] Loaded 11 skills with 312 total sources
[19:50:21] [Server thread/INFO]: [AuraSkills] Loaded 9 stats and 17 traits
[19:50:21] [Server thread/INFO]: [AuraSkills] Loaded 22 pattern rewards and 0 level rewards
[19:50:21] [Server thread/INFO]: [AuraSkills] Loaded 53 loot entries in 4 pools and 2 tables
[19:50:21] [Server thread/INFO]: Environment: Environment[sessionHost=https://sessionserver.mojang.com, servicesHost=https://api.minecraftservices.com, name=PROD]
[19:50:21] [Server thread/INFO]: [AuraSkills] Loaded 6 menus
[19:50:21] [Server thread/INFO]: Done (38.212s)! For help, type "help"
[19:50:22] [Craft Scheduler Thread - 1 - Essentials/WARN]: [Essentials] You're 11 EssentialsX dev build(s) out of date!
[19:50:22] [Craft Scheduler Thread - 1 - Essentials/WARN]: [Essentials] Download it here: https://essentialsx.net/downloads.html
[19:50:25] [User Authenticator #0/INFO]: UUID of player gunter_ruso is 8a6f00c2-5a2a-3db6-8d26-460f4a0272e1
[19:50:27] [Server thread/INFO]: gunter_ruso joined the game
[19:50:27] [Server thread/INFO]: gunter_ruso[/127.196.43.42:51071] logged in with entity id 16 at ([world]-733.581409115746, 79.36870145465087, 799.3711999195235)
[19:50:50] [Server thread/INFO]: gunter_ruso issued server command: /tp gunter_ruso 15.5 64 60.5
[19:51:16] [Server thread/INFO]: gunter_ruso issued server command: /gamemode creative
[20:03:02] [Server thread/INFO]: gunter_ruso issued server command: /gamemode spectator
[20:03:11] [User Authenticator #1/INFO]: UUID of player franhcgamer is 55faefe0-2bda-3edc-9725-39641a38765c
[20:03:12] [Server thread/INFO]: franhcgamer joined the game
[20:03:12] [Server thread/INFO]: franhcgamer[/127.11.247.16:52155] logged in with entity id 1733 at ([world]-241.43698927380836, 63.0, 226.6525012282824)
[20:03:36] [Server thread/INFO]: gunter_ruso issued server command: /gamemode creative
[20:04:01] [Server thread/INFO]: gunter_ruso issued server command: /tp gunter_ruso 15.5 64 60.5
[20:04:25] [Server thread/INFO]: gunter_ruso issued server command: /gamemode survival
[20:04:59] [Server thread/INFO]: franhcgamer issued server command: /sethome casa
[20:05:02] [Server thread/INFO]: franhcgamer issued server command: /home casa
[20:06:58] [Server thread/INFO]: franhcgamer issued server command: /home casa
[20:08:43] [Server thread/INFO]: franhcgamer has made the advancement [What a Deal!]
[20:13:17] [Server thread/INFO]: gunter_ruso issued server command: /tp gunter_ruso 252.5 64 137.5
[20:13:22] [Server thread/INFO]: gunter_ruso lost connection: Disconnected
[20:13:22] [Server thread/INFO]: gunter_ruso left the game
[20:15:03] [Server thread/INFO]: franhcgamer lost connection: Disconnected
[20:15:03] [Server thread/INFO]: franhcgamer left the game
